  stdafx.cpp
  6502_CPU.cpp
  6502_Disassembler.cpp
  6502_Instructions.cpp
  6502_Memory.cpp
  6502_OpcodeTable.cpp
  6522_VIA.cpp
  6522_VIA_Ports.cpp
  6522_VIA_System.cpp
  6845_CRTC.cpp
  BBC_Emulator.cpp
  BBC_Keyboard.cpp
  DirectX.cpp
  DisassemblyWindow.cpp
  File.cpp
  I8271_FDC.cpp
  IBM3740_FloppyDisk.cpp
  LS161_PagedRomController.cpp
  MiscUtils.cpp
  SAA5050.cpp
  SDKwavefile.cpp
  Compiling...
  SHEILA.cpp
  TI_76489.cpp
  VideoULA.cpp
  Win32.cpp
  XAudio2.cpp
  Generating code
  284 of 1708 functions (16.6%) were compiled, the rest were copied from previous compilation.
    0 functions were new in current compilation
    20 functions had inline decision re-evaluated but remain unchanged
  Finished generating code
  BBC_Emulator.vcxproj -> D:\Work\BBC Emulator\Src\Release\BBC_Emulator.exe
  BBC_Emulator.vcxproj -> D:\Work\BBC Emulator\Src\Release\BBC_Emulator.pdb (Full PDB)
