d:\work\bbc emulator\src\x64\debug\bbc_emulator.pch
d:\work\bbc emulator\src\x64\debug\vc140.pdb
d:\work\bbc emulator\src\x64\debug\vc140.idb
d:\work\bbc emulator\src\x64\debug\stdafx.obj
d:\work\bbc emulator\src\x64\debug\6502_emulator.obj
d:\work\bbc emulator\src\x64\debug\6502_instructions.obj
d:\work\bbc emulator\src\x64\debug\6502_opcodetable.obj
d:\work\bbc emulator\src\x64\debug\bbc_emulator.obj
d:\work\bbc emulator\src\x64\debug\file.obj
d:\work\bbc emulator\src\x64\debug\win32.obj
d:\work\bbc emulator\src\x64\debug\bbc_emulator.ilk
d:\work\bbc emulator\src\x64\debug\bbc_emulator.exe
d:\work\bbc emulator\src\x64\debug\bbc_emulator.pdb
d:\work\bbc emulator\src\x64\debug\bbc_emulator.res
d:\work\bbc emulator\src\x64\debug\bbc_emulator.tlog\cl.command.1.tlog
d:\work\bbc emulator\src\x64\debug\bbc_emulator.tlog\cl.read.1.tlog
d:\work\bbc emulator\src\x64\debug\bbc_emulator.tlog\cl.write.1.tlog
d:\work\bbc emulator\src\x64\debug\bbc_emulator.tlog\link.command.1.tlog
d:\work\bbc emulator\src\x64\debug\bbc_emulator.tlog\link.read.1.tlog
d:\work\bbc emulator\src\x64\debug\bbc_emulator.tlog\link.write.1.tlog
d:\work\bbc emulator\src\x64\debug\bbc_emulator.tlog\rc.command.1.tlog
d:\work\bbc emulator\src\x64\debug\bbc_emulator.tlog\rc.read.1.tlog
d:\work\bbc emulator\src\x64\debug\bbc_emulator.tlog\rc.write.1.tlog
